[0523/174654.114:ERROR:process_reader_win.cc(242)] ReadMemory at 0x13f550000 of 64 bytes failed: Запрос ReadProcessMemory или WriteProcessMemory был выполнен только частично. (0x12B)
[0523/174654.500:WARNING:pe_image_reader.cc(302)] could not read dos header from C:\Program Files (x86)\Google\Chrome\Application\chrome.exe
[0523/174654.500:ERROR:process_reader_win.cc(242)] ReadMemory at 0x77670000 of 64 bytes failed: Запрос ReadProcessMemory или WriteProcessMemory был выполнен только частично. (0x12B)
[0523/174654.500:WARNING:pe_image_reader.cc(302)] could not read dos header from C:\Windows\SYSTEM32\ntdll.dll
[0523/174654.500:ERROR:process_reader_win.cc(242)] ReadMemory at 0x77450000 of 64 bytes failed: Запрос ReadProcessMemory или WriteProcessMemory был выполнен только частично. (0x12B)
[0523/174655.562:WARNING:pe_image_reader.cc(302)] could not read dos header from C:\Windows\system32\kernel32.dll
[0523/174655.562:ERROR:process_reader_win.cc(242)] ReadMemory at 0x7fefd450000 of 64 bytes failed: Запрос ReadProcessMemory или WriteProcessMemory был выполнен только частично. (0x12B)
[0523/174655.562:WARNING:pe_image_reader.cc(302)] could not read dos header from C:\Windows\system32\KERNELBASE.dll
[0523/174655.562:ERROR:process_reader_win.cc(242)] ReadMemory at 0x7fee3e50000 of 64 bytes failed: Запрос ReadProcessMemory или WriteProcessMemory был выполнен только частично. (0x12B)
[0523/174655.562:WARNING:pe_image_reader.cc(302)] could not read dos header from C:\Program Files (x86)\Google\Chrome\Application\66.0.3359.181\chrome_elf.dll
[0523/174655.562:ERROR:process_reader_win.cc(242)] ReadMemory at 0x7fefcd80000 of 64 bytes failed: Запрос ReadProcessMemory или WriteProcessMemory был выполнен только частично. (0x12B)
[0523/174655.562:WARNING:pe_image_reader.cc(302)] could not read dos header from C:\Windows\system32\VERSION.dll
[0523/174655.562:ERROR:process_reader_win.cc(242)] ReadMemory at 0x7fefd970000 of 64 bytes failed: Запрос ReadProcessMemory или WriteProcessMemory был выполнен только частично. (0x12B)
[0523/174655.562:WARNING:pe_image_reader.cc(302)] could not read dos header from C:\Windows\system32\msvcrt.dll
[0523/174655.562:ERROR:process_reader_win.cc(242)] ReadMemory at 0x7feff370000 of 64 bytes failed: Запрос ReadProcessMemory или WriteProcessMemory был выполнен только частично. (0x12B)
[0523/174655.562:WARNING:pe_image_reader.cc(302)] could not read dos header from C:\Windows\system32\ADVAPI32.dll
[0523/174655.562:ERROR:process_reader_win.cc(242)] ReadMemory at 0x7fefdf60000 of 64 bytes failed: Запрос ReadProcessMemory или WriteProcessMemory был выполнен только частично. (0x12B)
[0523/174655.562:WARNING:pe_image_reader.cc(302)] could not read dos header from C:\Windows\SYSTEM32\sechost.dll
[0523/174655.562:ERROR:process_reader_win.cc(242)] ReadMemory at 0x7fefdfe0000 of 64 bytes failed: Запрос ReadProcessMemory или WriteProcessMemory был выполнен только частично. (0x12B)
[0523/174655.562:WARNING:pe_image_reader.cc(302)] could not read dos header from C:\Windows\system32\RPCRT4.dll
[0523/174655.562:ERROR:process_reader_win.cc(242)] ReadMemory at 0x77830000 of 64 bytes failed: Запрос ReadProcessMemory или WriteProcessMemory был выполнен только частично. (0x12B)
[0523/174655.562:WARNING:pe_image_reader.cc(302)] could not read dos header from C:\Windows\system32\PSAPI.DLL
[0523/174655.562:ERROR:process_reader_win.cc(242)] ReadMemory at 0x7fefe390000 of 64 bytes failed: Запрос ReadProcessMemory или WriteProcessMemory был выполнен только частично. (0x12B)
[0523/174655.562:WARNING:pe_image_reader.cc(302)] could not read dos header from C:\Windows\system32\SHELL32.dll
[0523/174655.562:ERROR:process_reader_win.cc(242)] ReadMemory at 0x7fefd8f0000 of 64 bytes failed: Запрос ReadProcessMemory или WriteProcessMemory был выполнен только частично. (0x12B)
[0523/174655.562:WARNING:pe_image_reader.cc(302)] could not read dos header from C:\Windows\system32\SHLWAPI.dll
[0523/174655.562:ERROR:process_reader_win.cc(242)] ReadMemory at 0x7fefd7e0000 of 64 bytes failed: Запрос ReadProcessMemory или WriteProcessMemory был выполнен только частично. (0x12B)
[0523/174655.667:WARNING:pe_image_reader.cc(302)] could not read dos header from C:\Windows\system32\GDI32.dll
[0523/174655.667:ERROR:process_reader_win.cc(242)] ReadMemory at 0x490000 of 64 bytes failed: Запрос ReadProcessMemory или WriteProcessMemory был выполнен только частично. (0x12B)
[0523/174655.667:WARNING:pe_image_reader.cc(302)] could not read dos header from C:\Windows\system32\USER32.dll
[0523/174655.667:ERROR:process_reader_win.cc(242)] ReadMemory at 0x7feff950000 of 64 bytes failed: Запрос ReadProcessMemory или WriteProcessMemory был выполнен только частично. (0x12B)
[0523/174655.667:WARNING:pe_image_reader.cc(302)] could not read dos header from C:\Windows\system32\LPK.dll
[0523/174655.667:ERROR:process_reader_win.cc(242)] ReadMemory at 0x7fefdaf0000 of 64 bytes failed: Запрос ReadProcessMemory или WriteProcessMemory был выполнен только частично. (0x12B)
[0523/174655.667:WARNING:pe_image_reader.cc(302)] could not read dos header from C:\Windows\system32\USP10.dll
[0523/174655.667:ERROR:process_reader_win.cc(242)] ReadMemory at 0x7fef7b50000 of 64 bytes failed: Запрос ReadProcessMemory или WriteProcessMemory был выполнен только частично. (0x12B)
[0523/174655.667:WARNING:pe_image_reader.cc(302)] could not read dos header from C:\Windows\system32\WINMM.dll
[0523/174655.667:ERROR:process_reader_win.cc(242)] ReadMemory at 0x7fefd740000 of 64 bytes failed: Запрос ReadProcessMemory или WriteProcessMemory был выполнен только частично. (0x12B)
[0523/174655.667:WARNING:pe_image_reader.cc(302)] could not read dos header from C:\Windows\system32\USERENV.dll
[0523/174655.667:ERROR:process_reader_win.cc(242)] ReadMemory at 0x7fefd430000 of 64 bytes failed: Запрос ReadProcessMemory или WriteProcessMemory был выполнен только частично. (0x12B)
[0523/174655.667:WARNING:pe_image_reader.cc(302)] could not read dos header from C:\Windows\system32\profapi.dll
[0523/174655.667:ERROR:process_reader_win.cc(242)] ReadMemory at 0x7fef7fe0000 of 64 bytes failed: Запрос ReadProcessMemory или WriteProcessMemory был выполнен только частично. (0x12B)
[0523/174655.667:WARNING:pe_image_reader.cc(302)] could not read dos header from C:\Windows\system32\WINHTTP.dll
[0523/174655.667:ERROR:process_reader_win.cc(242)] ReadMemory at 0x7fef7f70000 of 64 bytes failed: Запрос ReadProcessMemory или WriteProcessMemory был выполнен только частично. (0x12B)
[0523/174655.667:WARNING:pe_image_reader.cc(302)] could not read dos header from C:\Windows\system32\webio.dll
[0523/174655.667:ERROR:process_reader_win.cc(242)] ReadMemory at 0x7fefa740000 of 64 bytes failed: Запрос ReadProcessMemory или WriteProcessMemory был выполнен только частично. (0x12B)
[0523/174655.667:WARNING:pe_image_reader.cc(302)] could not read dos header from C:\Windows\system32\api-ms-win-core-synch-l1-2-0.DLL
[0523/174655.667:ERROR:process_reader_win.cc(242)] ReadMemory at 0x7feff120000 of 64 bytes failed: Запрос ReadProcessMemory или WriteProcessMemory был выполнен только частично. (0x12B)
[0523/174655.693:WARNING:pe_image_reader.cc(302)] could not read dos header from C:\Windows\system32\IMM32.DLL
[0523/174655.693:ERROR:process_reader_win.cc(242)] ReadMemory at 0x7feff840000 of 64 bytes failed: Запрос ReadProcessMemory или WriteProcessMemory был выполнен только частично. (0x12B)
[0523/174655.693:WARNING:pe_image_reader.cc(302)] could not read dos header from C:\Windows\system32\MSCTF.dll
[0523/174655.693:ERROR:process_reader_win.cc(242)] ReadMemory at 0x7fecac00000 of 64 bytes failed: Запрос ReadProcessMemory или WriteProcessMemory был выполнен только частично. (0x12B)
[0523/174655.693:WARNING:pe_image_reader.cc(302)] could not read dos header from C:\Program Files (x86)\Google\Chrome\Application\66.0.3359.181\chrome_child.dll
[0523/174655.693:ERROR:process_reader_win.cc(242)] ReadMemory at 0x7fefe2f0000 of 64 bytes failed: Запрос ReadProcessMemory или WriteProcessMemory был выполнен только частично. (0x12B)
[0523/174655.693:WARNING:pe_image_reader.cc(302)] could not read dos header from C:\Windows\system32\COMDLG32.dll
[0523/174655.693:ERROR:process_reader_win.cc(242)] ReadMemory at 0x7fefbf00000 of 64 bytes failed: Запрос ReadProcessMemory или WriteProcessMemory был выполнен только частично. (0x12B)
[0523/174655.693:WARNING:pe_image_reader.cc(302)] could not read dos header from C:\Windows\WinSxS\amd64_microsoft.windows.common-controls_6595b64144ccf1df_6.0.7601.18837_none_fa3b1e3d17594757\COMCTL32.dll
[0523/174655.693:ERROR:process_reader_win.cc(242)] ReadMemory at 0x7feff150000 of 64 bytes failed: Запрос ReadProcessMemory или WriteProcessMemory был выполнен только частично. (0x12B)
[0523/174655.693:WARNING:pe_image_reader.cc(302)] could not read dos header from C:\Windows\system32\ole32.dll
[0523/174655.693:ERROR:process_reader_win.cc(242)] ReadMemory at 0x7fefda10000 of 64 bytes failed: Запрос ReadProcessMemory или WriteProcessMemory был выполнен только частично. (0x12B)
[0523/174655.693:WARNING:pe_image_reader.cc(302)] could not read dos header from C:\Windows\system32\OLEAUT32.dll
[0523/174655.693:ERROR:process_reader_win.cc(242)] ReadMemory at 0x7fefdbc0000 of 64 bytes failed: Запрос ReadProcessMemory или WriteProcessMemory был выполнен только частично. (0x12B)
[0523/174655.693:WARNING:pe_image_reader.cc(302)] could not read dos header from C:\Windows\system32\WS2_32.dll
[0523/174655.693:ERROR:process_reader_win.cc(242)] ReadMemory at 0x7feff360000 of 64 bytes failed: Запрос ReadProcessMemory или WriteProcessMemory был выполнен только частично. (0x12B)
[0523/174655.693:WARNING:pe_image_reader.cc(302)] could not read dos header from C:\Windows\system32\NSI.dll
[0523/174655.693:ERROR:process_reader_win.cc(242)] ReadMemory at 0x7fefd200000 of 64 bytes failed: Запрос ReadProcessMemory или WriteProcessMemory был выполнен только частично. (0x12B)
[0523/174655.693:WARNING:pe_image_reader.cc(302)] could not read dos header from C:\Windows\system32\Secur32.dll
[0523/174655.693:ERROR:process_reader_win.cc(242)] ReadMemory at 0x7fefd230000 of 64 bytes failed: Запрос ReadProcessMemory или WriteProcessMemory был выполнен только частично. (0x12B)
[0523/174655.693:WARNING:pe_image_reader.cc(302)] could not read dos header from C:\Windows\system32\SSPICLI.DLL
[0523/174655.693:ERROR:process_reader_win.cc(242)] ReadMemory at 0x7fefd790000 of 64 bytes failed: Запрос ReadProcessMemory или WriteProcessMemory был выполнен только частично. (0x12B)
[0523/174655.693:WARNING:pe_image_reader.cc(302)] could not read dos header from C:\Windows\system32\WINTRUST.dll
[0523/174655.693:ERROR:process_reader_win.cc(242)] ReadMemory at 0x7fefd4c0000 of 64 bytes failed: Запрос ReadProcessMemory или WriteProcessMemory был выполнен только частично. (0x12B)
[0523/174655.694:WARNING:pe_image_reader.cc(302)] could not read dos header from C:\Windows\system32\CRYPT32.dll
[0523/174655.694:ERROR:process_reader_win.cc(242)] ReadMemory at 0x7fefd420000 of 64 bytes failed: Запрос ReadProcessMemory или WriteProcessMemory был выполнен только частично. (0x12B)
[0523/174655.694:WARNING:pe_image_reader.cc(302)] could not read dos header from C:\Windows\system32\MSASN1.dll
[0523/174655.694:ERROR:process_reader_win.cc(242)] ReadMemory at 0x7fef79a0000 of 64 bytes failed: Запрос ReadProcessMemory или WriteProcessMemory был выполнен только частично. (0x12B)
[0523/174655.694:WARNING:pe_image_reader.cc(302)] could not read dos header from C:\Windows\system32\dbghelp.dll
[0523/174655.694:ERROR:process_reader_win.cc(242)] ReadMemory at 0x7fef6e10000 of 64 bytes failed: Запрос ReadProcessMemory или WriteProcessMemory был выполнен только частично. (0x12B)
[0523/174655.694:WARNING:pe_image_reader.cc(302)] could not read dos header from C:\Windows\system32\WINSPOOL.DRV
[0523/174655.694:ERROR:process_reader_win.cc(242)] ReadMemory at 0x7fefab20000 of 64 bytes failed: Запрос ReadProcessMemory или WriteProcessMemory был выполнен только частично. (0x12B)
[0523/174655.694:WARNING:pe_image_reader.cc(302)] could not read dos header from C:\Windows\system32\IPHLPAPI.DLL
[0523/174655.694:ERROR:process_reader_win.cc(242)] ReadMemory at 0x7fefab10000 of 64 bytes failed: Запрос ReadProcessMemory или WriteProcessMemory был выполнен только частично. (0x12B)
[0523/174655.694:WARNING:pe_image_reader.cc(302)] could not read dos header from C:\Windows\system32\WINNSI.DLL
[0523/174655.694:ERROR:process_reader_win.cc(242)] ReadMemory at 0x7feff6b0000 of 64 bytes failed: Запрос ReadProcessMemory или WriteProcessMemory был выполнен только частично. (0x12B)
[0523/174655.694:WARNING:pe_image_reader.cc(302)] could not read dos header from C:\Windows\system32\urlmon.dll
[0523/174655.694:ERROR:process_reader_win.cc(242)] ReadMemory at 0x7fefd670000 of 64 bytes failed: Запрос ReadProcessMemory или WriteProcessMemory был выполнен только частично. (0x12B)
[0523/174655.694:WARNING:pe_image_reader.cc(302)] could not read dos header from C:\Windows\system32\api-ms-win-downlevel-ole32-l1-1-0.dll
[0523/174655.694:ERROR:process_reader_win.cc(242)] ReadMemory at 0x7fefd690000 of 64 bytes failed: Запрос ReadProcessMemory или WriteProcessMemory был выполнен только частично. (0x12B)
[0523/174655.694:WARNING:pe_image_reader.cc(302)] could not read dos header from C:\Windows\system32\api-ms-win-downlevel-shlwapi-l1-1-0.dll
[0523/174655.694:ERROR:process_reader_win.cc(242)] ReadMemory at 0x7fefd760000 of 64 bytes failed: Запрос ReadProcessMemory или WriteProcessMemory был выполнен только частично. (0x12B)
[0523/174655.694:WARNING:pe_image_reader.cc(302)] could not read dos header from C:\Windows\system32\api-ms-win-downlevel-advapi32-l1-1-0.dll
[0523/174655.694:ERROR:process_reader_win.cc(242)] ReadMemory at 0x7fefd7d0000 of 64 bytes failed: Запрос ReadProcessMemory или WriteProcessMemory был выполнен только частично. (0x12B)
[0523/174655.694:WARNING:pe_image_reader.cc(302)] could not read dos header from C:\Windows\system32\api-ms-win-downlevel-user32-l1-1-0.dll
[0523/174655.694:ERROR:process_reader_win.cc(242)] ReadMemory at 0x7fefd440000 of 64 bytes failed: Запрос ReadProcessMemory или WriteProcessMemory был выполнен только частично. (0x12B)
[0523/174655.694:WARNING:pe_image_reader.cc(302)] could not read dos header from C:\Windows\system32\api-ms-win-downlevel-version-l1-1-0.dll
[0523/174655.694:ERROR:process_reader_win.cc(242)] ReadMemory at 0x7fefd680000 of 64 bytes failed: Запрос ReadProcessMemory или WriteProcessMemory был выполнен только частично. (0x12B)
[0523/174655.694:WARNING:pe_image_reader.cc(302)] could not read dos header from C:\Windows\system32\api-ms-win-downlevel-normaliz-l1-1-0.dll
[0523/174655.694:ERROR:process_reader_win.cc(242)] ReadMemory at 0x77840000 of 64 bytes failed: Запрос ReadProcessMemory или WriteProcessMemory был выполнен только частично. (0x12B)
[0523/174655.694:WARNING:pe_image_reader.cc(302)] could not read dos header from C:\Windows\system32\normaliz.DLL
[0523/174655.694:ERROR:process_reader_win.cc(242)] ReadMemory at 0x7fefdc10000 of 64 bytes failed: Запрос ReadProcessMemory или WriteProcessMemory был выполнен только частично. (0x12B)
[0523/174655.694:WARNING:pe_image_reader.cc(302)] could not read dos header from C:\Windows\system32\iertutil.dll
[0523/174655.694:ERROR:process_reader_win.cc(242)] ReadMemory at 0x7feff450000 of 64 bytes failed: Запрос ReadProcessMemory или WriteProcessMemory был выполнен только частично. (0x12B)
[0523/174655.694:WARNING:pe_image_reader.cc(302)] could not read dos header from C:\Windows\system32\WININET.dll
[0523/174655.695:ERROR:process_reader_win.cc(242)] ReadMemory at 0x7fee42c0000 of 64 bytes failed: Запрос ReadProcessMemory или WriteProcessMemory был выполнен только частично. (0x12B)
[0523/174655.695:WARNING:pe_image_reader.cc(302)] could not read dos header from C:\Windows\system32\DWrite.dll
[0523/174655.695:ERROR:process_reader_win.cc(242)] ReadMemory at 0x7fef9050000 of 64 bytes failed: Запрос ReadProcessMemory или WriteProcessMemory был выполнен только частично. (0x12B)
[0523/174655.695:WARNING:pe_image_reader.cc(302)] could not read dos header from C:\Windows\system32\dxgi.dll
[0523/174655.695:ERROR:process_reader_win.cc(242)] ReadMemory at 0x7fefb9b0000 of 64 bytes failed: Запрос ReadProcessMemory или WriteProcessMemory был выполнен только частично. (0x12B)
[0523/174655.695:WARNING:pe_image_reader.cc(302)] could not read dos header from C:\Windows\system32\dwmapi.dll
[0523/174655.793:ERROR:process_reader_win.cc(242)] ReadMemory at 0x7fef8b20000 of 64 bytes failed: Запрос ReadProcessMemory или WriteProcessMemory был выполнен только частично. (0x12B)
[0523/174655.793:WARNING:pe_image_reader.cc(302)] could not read dos header from C:\Windows\system32\dhcpcsvc.DLL
[0523/174655.793:ERROR:process_reader_win.cc(242)] ReadMemory at 0x7fefd2c0000 of 64 bytes failed: Запрос ReadProcessMemory или WriteProcessMemory был выполнен только частично. (0x12B)
[0523/174655.793:WARNING:pe_image_reader.cc(302)] could not read dos header from C:\Windows\system32\cryptbase.dll
[0523/174655.793:ERROR:process_reader_win.cc(242)] ReadMemory at 0x13f550000 of 64 bytes failed: Запрос ReadProcessMemory или WriteProcessMemory был выполнен только частично. (0x12B)
[0523/174655.793:WARNING:pe_image_reader.cc(302)] could not read dos header from C:\Program Files (x86)\Google\Chrome\Application\chrome.exe
[0523/174655.793:ERROR:process_reader_win.cc(242)] ReadMemory at 0x13f550000 of 64 bytes failed: Запрос ReadProcessMemory или WriteProcessMemory был выполнен только частично. (0x12B)
[0523/174655.793:WARNING:pe_image_reader.cc(302)] could not read dos header from C:\Program Files (x86)\Google\Chrome\Application\chrome.exe
[0523/174655.892:ERROR:process_reader_win.cc(242)] ReadMemory at 0x77670000 of 64 bytes failed: Запрос ReadProcessMemory или WriteProcessMemory был выполнен только частично. (0x12B)
[0523/174656.338:WARNING:pe_image_reader.cc(302)] could not read dos header from C:\Windows\SYSTEM32\ntdll.dll
[0523/174656.338:ERROR:process_reader_win.cc(242)] ReadMemory at 0x77670000 of 64 bytes failed: Запрос ReadProcessMemory или WriteProcessMemory был выполнен только частично. (0x12B)
[0523/174656.338:WARNING:pe_image_reader.cc(302)] could not read dos header from C:\Windows\SYSTEM32\ntdll.dll
[0523/174656.338:ERROR:process_reader_win.cc(242)] ReadMemory at 0x77450000 of 64 bytes failed: Запрос ReadProcessMemory или WriteProcessMemory был выполнен только частично. (0x12B)
[0523/174656.338:WARNING:pe_image_reader.cc(302)] could not read dos header from C:\Windows\system32\kernel32.dll
[0523/174656.338:ERROR:process_reader_win.cc(242)] ReadMemory at 0x77450000 of 64 bytes failed: Запрос ReadProcessMemory или WriteProcessMemory был выполнен только частично. (0x12B)
[0523/174656.338:WARNING:pe_image_reader.cc(302)] could not read dos header from C:\Windows\system32\kernel32.dll
[0523/174656.338:ERROR:process_reader_win.cc(242)] ReadMemory at 0x7fefd450000 of 64 bytes failed: Запрос ReadProcessMemory или WriteProcessMemory был выполнен только частично. (0x12B)
[0523/174656.338:WARNING:pe_image_reader.cc(302)] could not read dos header from C:\Windows\system32\KERNELBASE.dll
[0523/174656.338:ERROR:process_reader_win.cc(242)] ReadMemory at 0x7fefd450000 of 64 bytes failed: Запрос ReadProcessMemory или WriteProcessMemory был выполнен только частично. (0x12B)
[0523/174656.338:WARNING:pe_image_reader.cc(302)] could not read dos header from C:\Windows\system32\KERNELBASE.dll
[0523/174656.338:ERROR:process_reader_win.cc(242)] ReadMemory at 0x7fee3e50000 of 64 bytes failed: Запрос ReadProcessMemory или WriteProcessMemory был выполнен только частично. (0x12B)
[0523/174656.338:WARNING:pe_image_reader.cc(302)] could not read dos header from C:\Program Files (x86)\Google\Chrome\Application\66.0.3359.181\chrome_elf.dll
[0523/174656.339:ERROR:process_reader_win.cc(242)] ReadMemory at 0x7fee3e50000 of 64 bytes failed: Запрос ReadProcessMemory или WriteProcessMemory был выполнен только частично. (0x12B)
[0523/174656.339:WARNING:pe_image_reader.cc(302)] could not read dos header from C:\Program Files (x86)\Google\Chrome\Application\66.0.3359.181\chrome_elf.dll
[0523/174656.339:ERROR:process_reader_win.cc(242)] ReadMemory at 0x7fefcd80000 of 64 bytes failed: Запрос ReadProcessMemory или WriteProcessMemory был выполнен только частично. (0x12B)
[0523/174656.339:WARNING:pe_image_reader.cc(302)] could not read dos header from C:\Windows\system32\VERSION.dll
[0523/174656.339:ERROR:process_reader_win.cc(242)] ReadMemory at 0x7fefcd80000 of 64 bytes failed: Запрос ReadProcessMemory или WriteProcessMemory был выполнен только частично. (0x12B)
[0523/174656.339:WARNING:pe_image_reader.cc(302)] could not read dos header from C:\Windows\system32\VERSION.dll
[0523/174656.339:ERROR:process_reader_win.cc(242)] ReadMemory at 0x7fefd970000 of 64 bytes failed: Запрос ReadProcessMemory или WriteProcessMemory был выполнен только частично. (0x12B)
[0523/174656.339:WARNING:pe_image_reader.cc(302)] could not read dos header from C:\Windows\system32\msvcrt.dll
[0523/174656.339:ERROR:process_reader_win.cc(242)] ReadMemory at 0x7fefd970000 of 64 bytes failed: Запрос ReadProcessMemory или WriteProcessMemory был выполнен только частично. (0x12B)
[0523/174656.339:WARNING:pe_image_reader.cc(302)] could not read dos header from C:\Windows\system32\msvcrt.dll
[0523/174656.339:ERROR:process_reader_win.cc(242)] ReadMemory at 0x7feff370000 of 64 bytes failed: Запрос ReadProcessMemory или WriteProcessMemory был выполнен только частично. (0x12B)
[0523/174656.339:WARNING:pe_image_reader.cc(302)] could not read dos header from C:\Windows\system32\ADVAPI32.dll
[0523/174656.339:ERROR:process_reader_win.cc(242)] ReadMemory at 0x7feff370000 of 64 bytes failed: Запрос ReadProcessMemory или WriteProcessMemory был выполнен только частично. (0x12B)
[0523/174656.339:WARNING:pe_image_reader.cc(302)] could not read dos header from C:\Windows\system32\ADVAPI32.dll
[0523/174656.339:ERROR:process_reader_win.cc(242)] ReadMemory at 0x7fefdf60000 of 64 bytes failed: Запрос ReadProcessMemory или WriteProcessMemory был выполнен только частично. (0x12B)
[0523/174656.339:WARNING:pe_image_reader.cc(302)] could not read dos header from C:\Windows\SYSTEM32\sechost.dll
[0523/174656.339:ERROR:process_reader_win.cc(242)] ReadMemory at 0x7fefdf60000 of 64 bytes failed: Запрос ReadProcessMemory или WriteProcessMemory был выполнен только частично. (0x12B)
[0523/174656.339:WARNING:pe_image_reader.cc(302)] could not read dos header from C:\Windows\SYSTEM32\sechost.dll
[0523/174656.339:ERROR:process_reader_win.cc(242)] ReadMemory at 0x7fefdfe0000 of 64 bytes failed: Запрос ReadProcessMemory или WriteProcessMemory был выполнен только частично. (0x12B)
[0523/174656.339:WARNING:pe_image_reader.cc(302)] could not read dos header from C:\Windows\system32\RPCRT4.dll
[0523/174656.339:ERROR:process_reader_win.cc(242)] ReadMemory at 0x7fefdfe0000 of 64 bytes failed: Запрос ReadProcessMemory или WriteProcessMemory был выполнен только частично. (0x12B)
[0523/174656.339:WARNING:pe_image_reader.cc(302)] could not read dos header from C:\Windows\system32\RPCRT4.dll
[0523/174656.339:ERROR:process_reader_win.cc(242)] ReadMemory at 0x77830000 of 64 bytes failed: Запрос ReadProcessMemory или WriteProcessMemory был выполнен только частично. (0x12B)
[0523/174656.339:WARNING:pe_image_reader.cc(302)] could not read dos header from C:\Windows\system32\PSAPI.DLL
[0523/174656.339:ERROR:process_reader_win.cc(242)] ReadMemory at 0x77830000 of 64 bytes failed: Запрос ReadProcessMemory или WriteProcessMemory был выполнен только частично. (0x12B)
[0523/174656.339:WARNING:pe_image_reader.cc(302)] could not read dos header from C:\Windows\system32\PSAPI.DLL
[0523/174656.339:ERROR:process_reader_win.cc(242)] ReadMemory at 0x7fefe390000 of 64 bytes failed: Запрос ReadProcessMemory или WriteProcessMemory был выполнен только частично. (0x12B)
[0523/174656.339:WARNING:pe_image_reader.cc(302)] could not read dos header from C:\Windows\system32\SHELL32.dll
[0523/174656.339:ERROR:process_reader_win.cc(242)] ReadMemory at 0x7fefe390000 of 64 bytes failed: Запрос ReadProcessMemory или WriteProcessMemory был выполнен только частично. (0x12B)
[0523/174656.340:WARNING:pe_image_reader.cc(302)] could not read dos header from C:\Windows\system32\SHELL32.dll
[0523/174656.340:ERROR:process_reader_win.cc(242)] ReadMemory at 0x7fefd8f0000 of 64 bytes failed: Запрос ReadProcessMemory или WriteProcessMemory был выполнен только частично. (0x12B)
[0523/174656.340:WARNING:pe_image_reader.cc(302)] could not read dos header from C:\Windows\system32\SHLWAPI.dll
[0523/174656.340:ERROR:process_reader_win.cc(242)] ReadMemory at 0x7fefd8f0000 of 64 bytes failed: Запрос ReadProcessMemory или WriteProcessMemory был выполнен только частично. (0x12B)
[0523/174656.340:WARNING:pe_image_reader.cc(302)] could not read dos header from C:\Windows\system32\SHLWAPI.dll
[0523/174656.340:ERROR:process_reader_win.cc(242)] ReadMemory at 0x7fefd7e0000 of 64 bytes failed: Запрос ReadProcessMemory или WriteProcessMemory был выполнен только частично. (0x12B)
[0523/174656.340:WARNING:pe_image_reader.cc(302)] could not read dos header from C:\Windows\system32\GDI32.dll
[0523/174656.340:ERROR:process_reader_win.cc(242)] ReadMemory at 0x7fefd7e0000 of 64 bytes failed: Запрос ReadProcessMemory или WriteProcessMemory был выполнен только частично. (0x12B)
[0523/174656.340:WARNING:pe_image_reader.cc(302)] could not read dos header from C:\Windows\system32\GDI32.dll
[0523/174656.340:ERROR:process_reader_win.cc(242)] ReadMemory at 0x490000 of 64 bytes failed: Запрос ReadProcessMemory или WriteProcessMemory был выполнен только частично. (0x12B)
[0523/174656.340:WARNING:pe_image_reader.cc(302)] could not read dos header from C:\Windows\system32\USER32.dll
[0523/174656.340:ERROR:process_reader_win.cc(242)] ReadMemory at 0x490000 of 64 bytes failed: Запрос ReadProcessMemory или WriteProcessMemory был выполнен только частично. (0x12B)
[0523/174656.340:WARNING:pe_image_reader.cc(302)] could not read dos header from C:\Windows\system32\USER32.dll
[0523/174656.340:ERROR:process_reader_win.cc(242)] ReadMemory at 0x7feff950000 of 64 bytes failed: Запрос ReadProcessMemory или WriteProcessMemory был выполнен только частично. (0x12B)
[0523/174656.340:WARNING:pe_image_reader.cc(302)] could not read dos header from C:\Windows\system32\LPK.dll
[0523/174656.340:ERROR:process_reader_win.cc(242)] ReadMemory at 0x7feff950000 of 64 bytes failed: Запрос ReadProcessMemory или WriteProcessMemory был выполнен только частично. (0x12B)
[0523/174656.340:WARNING:pe_image_reader.cc(302)] could not read dos header from C:\Windows\system32\LPK.dll
[0523/174656.340:ERROR:process_reader_win.cc(242)] ReadMemory at 0x7fefdaf0000 of 64 bytes failed: Запрос ReadProcessMemory или WriteProcessMemory был выполнен только частично. (0x12B)
[0523/174656.340:WARNING:pe_image_reader.cc(302)] could not read dos header from C:\Windows\system32\USP10.dll
[0523/174656.340:ERROR:process_reader_win.cc(242)] ReadMemory at 0x7fefdaf0000 of 64 bytes failed: Запрос ReadProcessMemory или WriteProcessMemory был выполнен только частично. (0x12B)
[0523/174656.340:WARNING:pe_image_reader.cc(302)] could not read dos header from C:\Windows\system32\USP10.dll
[0523/174656.340:ERROR:process_reader_win.cc(242)] ReadMemory at 0x7fef7b50000 of 64 bytes failed: Запрос ReadProcessMemory или WriteProcessMemory был выполнен только частично. (0x12B)
[0523/174656.340:WARNING:pe_image_reader.cc(302)] could not read dos header from C:\Windows\system32\WINMM.dll
[0523/174656.340:ERROR:process_reader_win.cc(242)] ReadMemory at 0x7fef7b50000 of 64 bytes failed: Запрос ReadProcessMemory или WriteProcessMemory был выполнен только частично. (0x12B)
[0523/174656.340:WARNING:pe_image_reader.cc(302)] could not read dos header from C:\Windows\system32\WINMM.dll
[0523/174656.340:ERROR:process_reader_win.cc(242)] ReadMemory at 0x7fefd740000 of 64 bytes failed: Запрос ReadProcessMemory или WriteProcessMemory был выполнен только частично. (0x12B)
[0523/174656.340:WARNING:pe_image_reader.cc(302)] could not read dos header from C:\Windows\system32\USERENV.dll
[0523/174656.340:ERROR:process_reader_win.cc(242)] ReadMemory at 0x7fefd740000 of 64 bytes failed: Запрос ReadProcessMemory или WriteProcessMemory был выполнен только частично. (0x12B)
[0523/174656.340:WARNING:pe_image_reader.cc(302)] could not read dos header from C:\Windows\system32\USERENV.dll
[0523/174656.340:ERROR:process_reader_win.cc(242)] ReadMemory at 0x7fefd430000 of 64 bytes failed: Запрос ReadProcessMemory или WriteProcessMemory был выполнен только частично. (0x12B)
[0523/174656.340:WARNING:pe_image_reader.cc(302)] could not read dos header from C:\Windows\system32\profapi.dll
[0523/174656.341:ERROR:process_reader_win.cc(242)] ReadMemory at 0x7fefd430000 of 64 bytes failed: Запрос ReadProcessMemory или WriteProcessMemory был выполнен только частично. (0x12B)
[0523/174656.341:WARNING:pe_image_reader.cc(302)] could not read dos header from C:\Windows\system32\profapi.dll
[0523/174656.341:ERROR:process_reader_win.cc(242)] ReadMemory at 0x7fef7fe0000 of 64 bytes failed: Запрос ReadProcessMemory или WriteProcessMemory был выполнен только частично. (0x12B)
[0523/174656.341:WARNING:pe_image_reader.cc(302)] could not read dos header from C:\Windows\system32\WINHTTP.dll
[0523/174656.341:ERROR:process_reader_win.cc(242)] ReadMemory at 0x7fef7fe0000 of 64 bytes failed: Запрос ReadProcessMemory или WriteProcessMemory был выполнен только частично. (0x12B)
[0523/174656.341:WARNING:pe_image_reader.cc(302)] could not read dos header from C:\Windows\system32\WINHTTP.dll
[0523/174656.341:ERROR:process_reader_win.cc(242)] ReadMemory at 0x7fef7f70000 of 64 bytes failed: Запрос ReadProcessMemory или WriteProcessMemory был выполнен только частично. (0x12B)
[0523/174656.341:WARNING:pe_image_reader.cc(302)] could not read dos header from C:\Windows\system32\webio.dll
[0523/174656.341:ERROR:process_reader_win.cc(242)] ReadMemory at 0x7fef7f70000 of 64 bytes failed: Запрос ReadProcessMemory или WriteProcessMemory был выполнен только частично. (0x12B)
[0523/174656.341:WARNING:pe_image_reader.cc(302)] could not read dos header from C:\Windows\system32\webio.dll
[0523/174656.341:ERROR:process_reader_win.cc(242)] ReadMemory at 0x7fefa740000 of 64 bytes failed: Запрос ReadProcessMemory или WriteProcessMemory был выполнен только частично. (0x12B)
[0523/174656.341:WARNING:pe_image_reader.cc(302)] could not read dos header from C:\Windows\system32\api-ms-win-core-synch-l1-2-0.DLL
[0523/174656.341:ERROR:process_reader_win.cc(242)] ReadMemory at 0x7fefa740000 of 64 bytes failed: Запрос ReadProcessMemory или WriteProcessMemory был выполнен только частично. (0x12B)
[0523/174656.341:WARNING:pe_image_reader.cc(302)] could not read dos header from C:\Windows\system32\api-ms-win-core-synch-l1-2-0.DLL
[0523/174656.341:ERROR:process_reader_win.cc(242)] ReadMemory at 0x7feff120000 of 64 bytes failed: Запрос ReadProcessMemory или WriteProcessMemory был выполнен только частично. (0x12B)
[0523/174656.341:WARNING:pe_image_reader.cc(302)] could not read dos header from C:\Windows\system32\IMM32.DLL
[0523/174656.341:ERROR:process_reader_win.cc(242)] ReadMemory at 0x7feff120000 of 64 bytes failed: Запрос ReadProcessMemory или WriteProcessMemory был выполнен только частично. (0x12B)
[0523/174656.341:WARNING:pe_image_reader.cc(302)] could not read dos header from C:\Windows\system32\IMM32.DLL
[0523/174656.341:ERROR:process_reader_win.cc(242)] ReadMemory at 0x7feff840000 of 64 bytes failed: Запрос ReadProcessMemory или WriteProcessMemory был выполнен только частично. (0x12B)
[0523/174656.341:WARNING:pe_image_reader.cc(302)] could not read dos header from C:\Windows\system32\MSCTF.dll
[0523/174656.341:ERROR:process_reader_win.cc(242)] ReadMemory at 0x7feff840000 of 64 bytes failed: Запрос ReadProcessMemory или WriteProcessMemory был выполнен только частично. (0x12B)
[0523/174656.341:WARNING:pe_image_reader.cc(302)] could not read dos header from C:\Windows\system32\MSCTF.dll
[0523/174656.341:ERROR:process_reader_win.cc(242)] ReadMemory at 0x7fecac00000 of 64 bytes failed: Запрос ReadProcessMemory или WriteProcessMemory был выполнен только частично. (0x12B)
[0523/174656.341:WARNING:pe_image_reader.cc(302)] could not read dos header from C:\Program Files (x86)\Google\Chrome\Application\66.0.3359.181\chrome_child.dll
[0523/174656.341:ERROR:process_reader_win.cc(242)] ReadMemory at 0x7fecac00000 of 64 bytes failed: Запрос ReadProcessMemory или WriteProcessMemory был выполнен только частично. (0x12B)
[0523/174656.341:WARNING:pe_image_reader.cc(302)] could not read dos header from C:\Program Files (x86)\Google\Chrome\Application\66.0.3359.181\chrome_child.dll
[0523/174656.341:ERROR:process_reader_win.cc(242)] ReadMemory at 0x7fefe2f0000 of 64 bytes failed: Запрос ReadProcessMemory или WriteProcessMemory был выполнен только частично. (0x12B)
[0523/174656.452:WARNING:pe_image_reader.cc(302)] could not read dos header from C:\Windows\system32\COMDLG32.dll
[0523/174656.452:ERROR:process_reader_win.cc(242)] ReadMemory at 0x7fefe2f0000 of 64 bytes failed: Запрос ReadProcessMemory или WriteProcessMemory был выполнен только частично. (0x12B)
[0523/174656.452:WARNING:pe_image_reader.cc(302)] could not read dos header from C:\Windows\system32\COMDLG32.dll
[0523/174656.452:ERROR:process_reader_win.cc(242)] ReadMemory at 0x7fefbf00000 of 64 bytes failed: Запрос ReadProcessMemory или WriteProcessMemory был выполнен только частично. (0x12B)
[0523/174656.452:WARNING:pe_image_reader.cc(302)] could not read dos header from C:\Windows\WinSxS\amd64_microsoft.windows.common-controls_6595b64144ccf1df_6.0.7601.18837_none_fa3b1e3d17594757\COMCTL32.dll
[0523/174656.452:ERROR:process_reader_win.cc(242)] ReadMemory at 0x7fefbf00000 of 64 bytes failed: Запрос ReadProcessMemory или WriteProcessMemory был выполнен только частично. (0x12B)
[0523/174656.452:WARNING:pe_image_reader.cc(302)] could not read dos header from C:\Windows\WinSxS\amd64_microsoft.windows.common-controls_6595b64144ccf1df_6.0.7601.18837_none_fa3b1e3d17594757\COMCTL32.dll
[0523/174656.452:ERROR:process_reader_win.cc(242)] ReadMemory at 0x7feff150000 of 64 bytes failed: Запрос ReadProcessMemory или WriteProcessMemory был выполнен только частично. (0x12B)
[0523/174656.452:WARNING:pe_image_reader.cc(302)] could not read dos header from C:\Windows\system32\ole32.dll
[0523/174656.452:ERROR:process_reader_win.cc(242)] ReadMemory at 0x7feff150000 of 64 bytes failed: Запрос ReadProcessMemory или WriteProcessMemory был выполнен только частично. (0x12B)
[0523/174656.452:WARNING:pe_image_reader.cc(302)] could not read dos header from C:\Windows\system32\ole32.dll
[0523/174656.452:ERROR:process_reader_win.cc(242)] ReadMemory at 0x7fefda10000 of 64 bytes failed: Запрос ReadProcessMemory или WriteProcessMemory был выполнен только частично. (0x12B)
[0523/174656.452:WARNING:pe_image_reader.cc(302)] could not read dos header from C:\Windows\system32\OLEAUT32.dll
[0523/174656.452:ERROR:process_reader_win.cc(242)] ReadMemory at 0x7fefda10000 of 64 bytes failed: Запрос ReadProcessMemory или WriteProcessMemory был выполнен только частично. (0x12B)
[0523/174656.452:WARNING:pe_image_reader.cc(302)] could not read dos header from C:\Windows\system32\OLEAUT32.dll
[0523/174656.452:ERROR:process_reader_win.cc(242)] ReadMemory at 0x7fefdbc0000 of 64 bytes failed: Запрос ReadProcessMemory или WriteProcessMemory был выполнен только частично. (0x12B)
[0523/174656.452:WARNING:pe_image_reader.cc(302)] could not read dos header from C:\Windows\system32\WS2_32.dll
[0523/174656.452:ERROR:process_reader_win.cc(242)] ReadMemory at 0x7fefdbc0000 of 64 bytes failed: Запрос ReadProcessMemory или WriteProcessMemory был выполнен только частично. (0x12B)
[0523/174656.453:WARNING:pe_image_reader.cc(302)] could not read dos header from C:\Windows\system32\WS2_32.dll
[0523/174656.453:ERROR:process_reader_win.cc(242)] ReadMemory at 0x7feff360000 of 64 bytes failed: Запрос ReadProcessMemory или WriteProcessMemory был выполнен только частично. (0x12B)
[0523/174656.453:WARNING:pe_image_reader.cc(302)] could not read dos header from C:\Windows\system32\NSI.dll
[0523/174656.453:ERROR:process_reader_win.cc(242)] ReadMemory at 0x7feff360000 of 64 bytes failed: Запрос ReadProcessMemory или WriteProcessMemory был выполнен только частично. (0x12B)
[0523/174656.453:WARNING:pe_image_reader.cc(302)] could not read dos header from C:\Windows\system32\NSI.dll
[0523/174656.453:ERROR:process_reader_win.cc(242)] ReadMemory at 0x7fefd200000 of 64 bytes failed: Запрос ReadProcessMemory или WriteProcessMemory был выполнен только частично. (0x12B)
[0523/174656.453:WARNING:pe_image_reader.cc(302)] could not read dos header from C:\Windows\system32\Secur32.dll
[0523/174656.453:ERROR:process_reader_win.cc(242)] ReadMemory at 0x7fefd200000 of 64 bytes failed: Запрос ReadProcessMemory или WriteProcessMemory был выполнен только частично. (0x12B)
[0523/174656.453:WARNING:pe_image_reader.cc(302)] could not read dos header from C:\Windows\system32\Secur32.dll
[0523/174656.453:ERROR:process_reader_win.cc(242)] ReadMemory at 0x7fefd230000 of 64 bytes failed: Запрос ReadProcessMemory или WriteProcessMemory был выполнен только частично. (0x12B)
[0523/174656.453:WARNING:pe_image_reader.cc(302)] could not read dos header from C:\Windows\system32\SSPICLI.DLL
[0523/174656.453:ERROR:process_reader_win.cc(242)] ReadMemory at 0x7fefd230000 of 64 bytes failed: Запрос ReadProcessMemory или WriteProcessMemory был выполнен только частично. (0x12B)
[0523/174656.453:WARNING:pe_image_reader.cc(302)] could not read dos header from C:\Windows\system32\SSPICLI.DLL
[0523/174656.453:ERROR:process_reader_win.cc(242)] ReadMemory at 0x7fefd790000 of 64 bytes failed: Запрос ReadProcessMemory или WriteProcessMemory был выполнен только частично. (0x12B)
[0523/174656.453:WARNING:pe_image_reader.cc(302)] could not read dos header from C:\Windows\system32\WINTRUST.dll
[0523/174656.453:ERROR:process_reader_win.cc(242)] ReadMemory at 0x7fefd790000 of 64 bytes failed: Запрос ReadProcessMemory или WriteProcessMemory был выполнен только частично. (0x12B)
[0523/174656.453:WARNING:pe_image_reader.cc(302)] could not read dos header from C:\Windows\system32\WINTRUST.dll
[0523/174656.453:ERROR:process_reader_win.cc(242)] ReadMemory at 0x7fefd4c0000 of 64 bytes failed: Запрос ReadProcessMemory или WriteProcessMemory был выполнен только частично. (0x12B)
[0523/174656.453:WARNING:pe_image_reader.cc(302)] could not read dos header from C:\Windows\system32\CRYPT32.dll
[0523/174656.453:ERROR:process_reader_win.cc(242)] ReadMemory at 0x7fefd4c0000 of 64 bytes failed: Запрос ReadProcessMemory или WriteProcessMemory был выполнен только частично. (0x12B)
[0523/174656.453:WARNING:pe_image_reader.cc(302)] could not read dos header from C:\Windows\system32\CRYPT32.dll
[0523/174656.453:ERROR:process_reader_win.cc(242)] ReadMemory at 0x7fefd420000 of 64 bytes failed: Запрос ReadProcessMemory или WriteProcessMemory был выполнен только частично. (0x12B)
[0523/174656.453:WARNING:pe_image_reader.cc(302)] could not read dos header from C:\Windows\system32\MSASN1.dll
[0523/174656.453:ERROR:process_reader_win.cc(242)] ReadMemory at 0x7fefd420000 of 64 bytes failed: Запрос ReadProcessMemory или WriteProcessMemory был выполнен только частично. (0x12B)
[0523/174656.453:WARNING:pe_image_reader.cc(302)] could not read dos header from C:\Windows\system32\MSASN1.dll
[0523/174656.453:ERROR:process_reader_win.cc(242)] ReadMemory at 0x7fef79a0000 of 64 bytes failed: Запрос ReadProcessMemory или WriteProcessMemory был выполнен только частично. (0x12B)
[0523/174656.453:WARNING:pe_image_reader.cc(302)] could not read dos header from C:\Windows\system32\dbghelp.dll
[0523/174656.453:ERROR:process_reader_win.cc(242)] ReadMemory at 0x7fef79a0000 of 64 bytes failed: Запрос ReadProcessMemory или WriteProcessMemory был выполнен только частично. (0x12B)
[0523/174656.453:WARNING:pe_image_reader.cc(302)] could not read dos header from C:\Windows\system32\dbghelp.dll
[0523/174656.453:ERROR:process_reader_win.cc(242)] ReadMemory at 0x7fef6e10000 of 64 bytes failed: Запрос ReadProcessMemory или WriteProcessMemory был выполнен только частично. (0x12B)
[0523/174656.453:WARNING:pe_image_reader.cc(302)] could not read dos header from C:\Windows\system32\WINSPOOL.DRV
[0523/174656.453:ERROR:process_reader_win.cc(242)] ReadMemory at 0x7fef6e10000 of 64 bytes failed: Запрос ReadProcessMemory или WriteProcessMemory был выполнен только частично. (0x12B)
[0523/174656.454:WARNING:pe_image_reader.cc(302)] could not read dos header from C:\Windows\system32\WINSPOOL.DRV
[0523/174656.454:ERROR:process_reader_win.cc(242)] ReadMemory at 0x7fefab20000 of 64 bytes failed: Запрос ReadProcessMemory или WriteProcessMemory был выполнен только частично. (0x12B)
[0523/174656.454:WARNING:pe_image_reader.cc(302)] could not read dos header from C:\Windows\system32\IPHLPAPI.DLL
[0523/174656.454:ERROR:process_reader_win.cc(242)] ReadMemory at 0x7fefab20000 of 64 bytes failed: Запрос ReadProcessMemory или WriteProcessMemory был выполнен только частично. (0x12B)
[0523/174656.454:WARNING:pe_image_reader.cc(302)] could not read dos header from C:\Windows\system32\IPHLPAPI.DLL
[0523/174656.454:ERROR:process_reader_win.cc(242)] ReadMemory at 0x7fefab10000 of 64 bytes failed: Запрос ReadProcessMemory или WriteProcessMemory был выполнен только частично. (0x12B)
[0523/174656.454:WARNING:pe_image_reader.cc(302)] could not read dos header from C:\Windows\system32\WINNSI.DLL
[0523/174656.454:ERROR:process_reader_win.cc(242)] ReadMemory at 0x7fefab10000 of 64 bytes failed: Запрос ReadProcessMemory или WriteProcessMemory был выполнен только частично. (0x12B)
[0523/174656.454:WARNING:pe_image_reader.cc(302)] could not read dos header from C:\Windows\system32\WINNSI.DLL
[0523/174656.454:ERROR:process_reader_win.cc(242)] ReadMemory at 0x7feff6b0000 of 64 bytes failed: Запрос ReadProcessMemory или WriteProcessMemory был выполнен только частично. (0x12B)
[0523/174656.454:WARNING:pe_image_reader.cc(302)] could not read dos header from C:\Windows\system32\urlmon.dll
[0523/174656.454:ERROR:process_reader_win.cc(242)] ReadMemory at 0x7feff6b0000 of 64 bytes failed: Запрос ReadProcessMemory или WriteProcessMemory был выполнен только частично. (0x12B)
[0523/174656.454:WARNING:pe_image_reader.cc(302)] could not read dos header from C:\Windows\system32\urlmon.dll
[0523/174656.454:ERROR:process_reader_win.cc(242)] ReadMemory at 0x7fefd670000 of 64 bytes failed: Запрос ReadProcessMemory или WriteProcessMemory был выполнен только частично. (0x12B)
[0523/174656.454:WARNING:pe_image_reader.cc(302)] could not read dos header from C:\Windows\system32\api-ms-win-downlevel-ole32-l1-1-0.dll
[0523/174656.454:ERROR:process_reader_win.cc(242)] ReadMemory at 0x7fefd670000 of 64 bytes failed: Запрос ReadProcessMemory или WriteProcessMemory был выполнен только частично. (0x12B)
[0523/174656.454:WARNING:pe_image_reader.cc(302)] could not read dos header from C:\Windows\system32\api-ms-win-downlevel-ole32-l1-1-0.dll
[0523/174656.454:ERROR:process_reader_win.cc(242)] ReadMemory at 0x7fefd690000 of 64 bytes failed: Запрос ReadProcessMemory или WriteProcessMemory был выполнен только частично. (0x12B)
[0523/174656.454:WARNING:pe_image_reader.cc(302)] could not read dos header from C:\Windows\system32\api-ms-win-downlevel-shlwapi-l1-1-0.dll
[0523/174656.454:ERROR:process_reader_win.cc(242)] ReadMemory at 0x7fefd690000 of 64 bytes failed: Запрос ReadProcessMemory или WriteProcessMemory был выполнен только частично. (0x12B)
[0523/174656.454:WARNING:pe_image_reader.cc(302)] could not read dos header from C:\Windows\system32\api-ms-win-downlevel-shlwapi-l1-1-0.dll
[0523/174656.454:ERROR:process_reader_win.cc(242)] ReadMemory at 0x7fefd760000 of 64 bytes failed: Запрос ReadProcessMemory или WriteProcessMemory был выполнен только частично. (0x12B)
[0523/174656.454:WARNING:pe_image_reader.cc(302)] could not read dos header from C:\Windows\system32\api-ms-win-downlevel-advapi32-l1-1-0.dll
[0523/174656.454:ERROR:process_reader_win.cc(242)] ReadMemory at 0x7fefd760000 of 64 bytes failed: Запрос ReadProcessMemory или WriteProcessMemory был выполнен только частично. (0x12B)
[0523/174656.454:WARNING:pe_image_reader.cc(302)] could not read dos header from C:\Windows\system32\api-ms-win-downlevel-advapi32-l1-1-0.dll
[0523/174656.454:ERROR:process_reader_win.cc(242)] ReadMemory at 0x7fefd7d0000 of 64 bytes failed: Запрос ReadProcessMemory или WriteProcessMemory был выполнен только частично. (0x12B)
[0523/174656.454:WARNING:pe_image_reader.cc(302)] could not read dos header from C:\Windows\system32\api-ms-win-downlevel-user32-l1-1-0.dll
[0523/174656.454:ERROR:process_reader_win.cc(242)] ReadMemory at 0x7fefd7d0000 of 64 bytes failed: Запрос ReadProcessMemory или WriteProcessMemory был выполнен только частично. (0x12B)
[0523/174656.454:WARNING:pe_image_reader.cc(302)] could not read dos header from C:\Windows\system32\api-ms-win-downlevel-user32-l1-1-0.dll
[0523/174656.454:ERROR:process_reader_win.cc(242)] ReadMemory at 0x7fefd440000 of 64 bytes failed: Запрос ReadProcessMemory или WriteProcessMemory был выполнен только частично. (0x12B)
[0523/174656.454:WARNING:pe_image_reader.cc(302)] could not read dos header from C:\Windows\system32\api-ms-win-downlevel-version-l1-1-0.dll
[0523/174656.455:ERROR:process_reader_win.cc(242)] ReadMemory at 0x7fefd440000 of 64 bytes failed: Запрос ReadProcessMemory или WriteProcessMemory был выполнен только частично. (0x12B)
[0523/174656.455:WARNING:pe_image_reader.cc(302)] could not read dos header from C:\Windows\system32\api-ms-win-downlevel-version-l1-1-0.dll
[0523/174656.455:ERROR:process_reader_win.cc(242)] ReadMemory at 0x7fefd680000 of 64 bytes failed: Запрос ReadProcessMemory или WriteProcessMemory был выполнен только частично. (0x12B)
[0523/174656.455:WARNING:pe_image_reader.cc(302)] could not read dos header from C:\Windows\system32\api-ms-win-downlevel-normaliz-l1-1-0.dll
[0523/174656.455:ERROR:process_reader_win.cc(242)] ReadMemory at 0x7fefd680000 of 64 bytes failed: Запрос ReadProcessMemory или WriteProcessMemory был выполнен только частично. (0x12B)
[0523/174656.455:WARNING:pe_image_reader.cc(302)] could not read dos header from C:\Windows\system32\api-ms-win-downlevel-normaliz-l1-1-0.dll
[0523/174656.455:ERROR:process_reader_win.cc(242)] ReadMemory at 0x77840000 of 64 bytes failed: Запрос ReadProcessMemory или WriteProcessMemory был выполнен только частично. (0x12B)
[0523/174656.455:WARNING:pe_image_reader.cc(302)] could not read dos header from C:\Windows\system32\normaliz.DLL
[0523/174656.455:ERROR:process_reader_win.cc(242)] ReadMemory at 0x77840000 of 64 bytes failed: Запрос ReadProcessMemory или WriteProcessMemory был выполнен только частично. (0x12B)
[0523/174656.455:WARNING:pe_image_reader.cc(302)] could not read dos header from C:\Windows\system32\normaliz.DLL
[0523/174656.455:ERROR:process_reader_win.cc(242)] ReadMemory at 0x7fefdc10000 of 64 bytes failed: Запрос ReadProcessMemory или WriteProcessMemory был выполнен только частично. (0x12B)
[0523/174656.455:WARNING:pe_image_reader.cc(302)] could not read dos header from C:\Windows\system32\iertutil.dll
[0523/174656.455:ERROR:process_reader_win.cc(242)] ReadMemory at 0x7fefdc10000 of 64 bytes failed: Запрос ReadProcessMemory или WriteProcessMemory был выполнен только частично. (0x12B)
[0523/174656.455:WARNING:pe_image_reader.cc(302)] could not read dos header from C:\Windows\system32\iertutil.dll
[0523/174656.455:ERROR:process_reader_win.cc(242)] ReadMemory at 0x7feff450000 of 64 bytes failed: Запрос ReadProcessMemory или WriteProcessMemory был выполнен только частично. (0x12B)
[0523/174656.455:WARNING:pe_image_reader.cc(302)] could not read dos header from C:\Windows\system32\WININET.dll
[0523/174656.455:ERROR:process_reader_win.cc(242)] ReadMemory at 0x7feff450000 of 64 bytes failed: Запрос ReadProcessMemory или WriteProcessMemory был выполнен только частично. (0x12B)
[0523/174656.455:WARNING:pe_image_reader.cc(302)] could not read dos header from C:\Windows\system32\WININET.dll
[0523/174656.455:ERROR:process_reader_win.cc(242)] ReadMemory at 0x7fee42c0000 of 64 bytes failed: Запрос ReadProcessMemory или WriteProcessMemory был выполнен только частично. (0x12B)
[0523/174656.455:WARNING:pe_image_reader.cc(302)] could not read dos header from C:\Windows\system32\DWrite.dll
[0523/174656.455:ERROR:process_reader_win.cc(242)] ReadMemory at 0x7fee42c0000 of 64 bytes failed: Запрос ReadProcessMemory или WriteProcessMemory был выполнен только частично. (0x12B)
[0523/174656.455:WARNING:pe_image_reader.cc(302)] could not read dos header from C:\Windows\system32\DWrite.dll
[0523/174656.455:ERROR:process_reader_win.cc(242)] ReadMemory at 0x7fef9050000 of 64 bytes failed: Запрос ReadProcessMemory или WriteProcessMemory был выполнен только частично. (0x12B)
[0523/174656.455:WARNING:pe_image_reader.cc(302)] could not read dos header from C:\Windows\system32\dxgi.dll
[0523/174656.455:ERROR:process_reader_win.cc(242)] ReadMemory at 0x7fef9050000 of 64 bytes failed: Запрос ReadProcessMemory или WriteProcessMemory был выполнен только частично. (0x12B)
[0523/174656.455:WARNING:pe_image_reader.cc(302)] could not read dos header from C:\Windows\system32\dxgi.dll
[0523/174656.455:ERROR:process_reader_win.cc(242)] ReadMemory at 0x7fefb9b0000 of 64 bytes failed: Запрос ReadProcessMemory или WriteProcessMemory был выполнен только частично. (0x12B)
[0523/174656.455:WARNING:pe_image_reader.cc(302)] could not read dos header from C:\Windows\system32\dwmapi.dll
[0523/174656.455:ERROR:process_reader_win.cc(242)] ReadMemory at 0x7fefb9b0000 of 64 bytes failed: Запрос ReadProcessMemory или WriteProcessMemory был выполнен только частично. (0x12B)
[0523/174656.455:WARNING:pe_image_reader.cc(302)] could not read dos header from C:\Windows\system32\dwmapi.dll
[0523/174656.455:ERROR:process_reader_win.cc(242)] ReadMemory at 0x7fef8b20000 of 64 bytes failed: Запрос ReadProcessMemory или WriteProcessMemory был выполнен только частично. (0x12B)
[0523/174656.456:WARNING:pe_image_reader.cc(302)] could not read dos header from C:\Windows\system32\dhcpcsvc.DLL
[0523/174656.456:ERROR:process_reader_win.cc(242)] ReadMemory at 0x7fef8b20000 of 64 bytes failed: Запрос ReadProcessMemory или WriteProcessMemory был выполнен только частично. (0x12B)
[0523/174656.456:WARNING:pe_image_reader.cc(302)] could not read dos header from C:\Windows\system32\dhcpcsvc.DLL
[0523/174656.456:ERROR:process_reader_win.cc(242)] ReadMemory at 0x7fefd2c0000 of 64 bytes failed: Запрос ReadProcessMemory или WriteProcessMemory был выполнен только частично. (0x12B)
[0523/174656.456:WARNING:pe_image_reader.cc(302)] could not read dos header from C:\Windows\system32\cryptbase.dll
[0523/174656.456:ERROR:process_reader_win.cc(242)] ReadMemory at 0x7fefd2c0000 of 64 bytes failed: Запрос ReadProcessMemory или WriteProcessMemory был выполнен только частично. (0x12B)
[0523/174656.456:WARNING:pe_image_reader.cc(302)] could not read dos header from C:\Windows\system32\cryptbase.dll
[0523/174722.825:ERROR:process_reader_win.cc(242)] ReadMemory at 0x13f550000 of 64 bytes failed: Запрос ReadProcessMemory или WriteProcessMemory был выполнен только частично. (0x12B)
[0523/174722.826:WARNING:pe_image_reader.cc(302)] could not read dos header from C:\Program Files (x86)\Google\Chrome\Application\chrome.exe
[0523/174722.826:ERROR:process_reader_win.cc(242)] ReadMemory at 0x77670000 of 64 bytes failed: Запрос ReadProcessMemory или WriteProcessMemory был выполнен только частично. (0x12B)
[0523/174722.826:WARNING:pe_image_reader.cc(302)] could not read dos header from C:\Windows\SYSTEM32\ntdll.dll
[0523/174722.826:ERROR:process_reader_win.cc(242)] ReadMemory at 0x77450000 of 64 bytes failed: Запрос ReadProcessMemory или WriteProcessMemory был выполнен только частично. (0x12B)
[0523/174722.826:WARNING:pe_image_reader.cc(302)] could not read dos header from C:\Windows\system32\kernel32.dll
[0523/174722.826:ERROR:process_reader_win.cc(242)] ReadMemory at 0x7fefd450000 of 64 bytes failed: Запрос ReadProcessMemory или WriteProcessMemory был выполнен только частично. (0x12B)
[0523/174722.826:WARNING:pe_image_reader.cc(302)] could not read dos header from C:\Windows\system32\KERNELBASE.dll
[0523/174722.826:ERROR:process_reader_win.cc(242)] ReadMemory at 0x7fee3e50000 of 64 bytes failed: Запрос ReadProcessMemory или WriteProcessMemory был выполнен только частично. (0x12B)
[0523/174722.826:WARNING:pe_image_reader.cc(302)] could not read dos header from C:\Program Files (x86)\Google\Chrome\Application\66.0.3359.181\chrome_elf.dll
[0523/174722.826:ERROR:process_reader_win.cc(242)] ReadMemory at 0x7fefcd80000 of 64 bytes failed: Запрос ReadProcessMemory или WriteProcessMemory был выполнен только частично. (0x12B)
[0523/174722.826:WARNING:pe_image_reader.cc(302)] could not read dos header from C:\Windows\system32\VERSION.dll
[0523/174722.826:ERROR:process_reader_win.cc(242)] ReadMemory at 0x7fefd970000 of 64 bytes failed: Запрос ReadProcessMemory или WriteProcessMemory был выполнен только частично. (0x12B)
[0523/174722.826:WARNING:pe_image_reader.cc(302)] could not read dos header from C:\Windows\system32\msvcrt.dll
[0523/174722.826:ERROR:process_reader_win.cc(242)] ReadMemory at 0x7feff370000 of 64 bytes failed: Запрос ReadProcessMemory или WriteProcessMemory был выполнен только частично. (0x12B)
[0523/174722.826:WARNING:pe_image_reader.cc(302)] could not read dos header from C:\Windows\system32\ADVAPI32.dll
[0523/174722.826:ERROR:process_reader_win.cc(242)] ReadMemory at 0x7fefdf60000 of 64 bytes failed: Запрос ReadProcessMemory или WriteProcessMemory был выполнен только частично. (0x12B)
[0523/174722.826:WARNING:pe_image_reader.cc(302)] could not read dos header from C:\Windows\SYSTEM32\sechost.dll
[0523/174722.826:ERROR:process_reader_win.cc(242)] ReadMemory at 0x7fefdfe0000 of 64 bytes failed: Запрос ReadProcessMemory или WriteProcessMemory был выполнен только частично. (0x12B)
[0523/174722.826:WARNING:pe_image_reader.cc(302)] could not read dos header from C:\Windows\system32\RPCRT4.dll
[0523/174722.826:ERROR:process_reader_win.cc(242)] ReadMemory at 0x77830000 of 64 bytes failed: Запрос ReadProcessMemory или WriteProcessMemory был выполнен только частично. (0x12B)
[0523/174722.826:WARNING:pe_image_reader.cc(302)] could not read dos header from C:\Windows\system32\PSAPI.DLL
[0523/174722.826:ERROR:process_reader_win.cc(242)] ReadMemory at 0x7fefe390000 of 64 bytes failed: Запрос ReadProcessMemory или WriteProcessMemory был выполнен только частично. (0x12B)
[0523/174722.826:WARNING:pe_image_reader.cc(302)] could not read dos header from C:\Windows\system32\SHELL32.dll
[0523/174722.826:ERROR:process_reader_win.cc(242)] ReadMemory at 0x7fefd8f0000 of 64 bytes failed: Запрос ReadProcessMemory или WriteProcessMemory был выполнен только частично. (0x12B)
[0523/174722.826:WARNING:pe_image_reader.cc(302)] could not read dos header from C:\Windows\system32\SHLWAPI.dll
[0523/174722.826:ERROR:process_reader_win.cc(242)] ReadMemory at 0x7fefd7e0000 of 64 bytes failed: Запрос ReadProcessMemory или WriteProcessMemory был выполнен только частично. (0x12B)
[0523/174722.826:WARNING:pe_image_reader.cc(302)] could not read dos header from C:\Windows\system32\GDI32.dll
[0523/174722.826:ERROR:process_reader_win.cc(242)] ReadMemory at 0x490000 of 64 bytes failed: Запрос ReadProcessMemory или WriteProcessMemory был выполнен только частично. (0x12B)
[0523/174722.826:WARNING:pe_image_reader.cc(302)] could not read dos header from C:\Windows\system32\USER32.dll
[0523/174722.826:ERROR:process_reader_win.cc(242)] ReadMemory at 0x7feff950000 of 64 bytes failed: Запрос ReadProcessMemory или WriteProcessMemory был выполнен только частично. (0x12B)
[0523/174722.826:WARNING:pe_image_reader.cc(302)] could not read dos header from C:\Windows\system32\LPK.dll
[0523/174722.826:ERROR:process_reader_win.cc(242)] ReadMemory at 0x7fefdaf0000 of 64 bytes failed: Запрос ReadProcessMemory или WriteProcessMemory был выполнен только частично. (0x12B)
[0523/174722.827:WARNING:pe_image_reader.cc(302)] could not read dos header from C:\Windows\system32\USP10.dll
[0523/174722.827:ERROR:process_reader_win.cc(242)] ReadMemory at 0x7fef7b50000 of 64 bytes failed: Запрос ReadProcessMemory или WriteProcessMemory был выполнен только частично. (0x12B)
[0523/174722.827:WARNING:pe_image_reader.cc(302)] could not read dos header from C:\Windows\system32\WINMM.dll
[0523/174722.827:ERROR:process_reader_win.cc(242)] ReadMemory at 0x7fefd740000 of 64 bytes failed: Запрос ReadProcessMemory или WriteProcessMemory был выполнен только частично. (0x12B)
[0523/174722.827:WARNING:pe_image_reader.cc(302)] could not read dos header from C:\Windows\system32\USERENV.dll
[0523/174722.827:ERROR:process_reader_win.cc(242)] ReadMemory at 0x7fefd430000 of 64 bytes failed: Запрос ReadProcessMemory или WriteProcessMemory был выполнен только частично. (0x12B)
[0523/174722.827:WARNING:pe_image_reader.cc(302)] could not read dos header from C:\Windows\system32\profapi.dll
[0523/174722.827:ERROR:process_reader_win.cc(242)] ReadMemory at 0x7fef7fe0000 of 64 bytes failed: Запрос ReadProcessMemory или WriteProcessMemory был выполнен только частично. (0x12B)
[0523/174722.827:WARNING:pe_image_reader.cc(302)] could not read dos header from C:\Windows\system32\WINHTTP.dll
[0523/174722.827:ERROR:process_reader_win.cc(242)] ReadMemory at 0x7fef7f70000 of 64 bytes failed: Запрос ReadProcessMemory или WriteProcessMemory был выполнен только частично. (0x12B)
[0523/174722.827:WARNING:pe_image_reader.cc(302)] could not read dos header from C:\Windows\system32\webio.dll
[0523/174722.827:ERROR:process_reader_win.cc(242)] ReadMemory at 0x7fefa740000 of 64 bytes failed: Запрос ReadProcessMemory или WriteProcessMemory был выполнен только частично. (0x12B)
[0523/174722.827:WARNING:pe_image_reader.cc(302)] could not read dos header from C:\Windows\system32\api-ms-win-core-synch-l1-2-0.DLL
[0523/174722.827:ERROR:process_reader_win.cc(242)] ReadMemory at 0x7feff120000 of 64 bytes failed: Запрос ReadProcessMemory или WriteProcessMemory был выполнен только частично. (0x12B)
[0523/174722.827:WARNING:pe_image_reader.cc(302)] could not read dos header from C:\Windows\system32\IMM32.DLL
[0523/174722.827:ERROR:process_reader_win.cc(242)] ReadMemory at 0x7feff840000 of 64 bytes failed: Запрос ReadProcessMemory или WriteProcessMemory был выполнен только частично. (0x12B)
[0523/174722.827:WARNING:pe_image_reader.cc(302)] could not read dos header from C:\Windows\system32\MSCTF.dll
[0523/174722.827:ERROR:process_reader_win.cc(242)] ReadMemory at 0x7fecac00000 of 64 bytes failed: Запрос ReadProcessMemory или WriteProcessMemory был выполнен только частично. (0x12B)
[0523/174722.827:WARNING:pe_image_reader.cc(302)] could not read dos header from C:\Program Files (x86)\Google\Chrome\Application\66.0.3359.181\chrome_child.dll
[0523/174722.827:ERROR:process_reader_win.cc(242)] ReadMemory at 0x7fefe2f0000 of 64 bytes failed: Запрос ReadProcessMemory или WriteProcessMemory был выполнен только частично. (0x12B)
[0523/174722.827:WARNING:pe_image_reader.cc(302)] could not read dos header from C:\Windows\system32\COMDLG32.dll
[0523/174722.827:ERROR:process_reader_win.cc(242)] ReadMemory at 0x7fefbf00000 of 64 bytes failed: Запрос ReadProcessMemory или WriteProcessMemory был выполнен только частично. (0x12B)
[0523/174722.827:WARNING:pe_image_reader.cc(302)] could not read dos header from C:\Windows\WinSxS\amd64_microsoft.windows.common-controls_6595b64144ccf1df_6.0.7601.18837_none_fa3b1e3d17594757\COMCTL32.dll
[0523/174722.827:ERROR:process_reader_win.cc(242)] ReadMemory at 0x7feff150000 of 64 bytes failed: Запрос ReadProcessMemory или WriteProcessMemory был выполнен только частично. (0x12B)
[0523/174722.827:WARNING:pe_image_reader.cc(302)] could not read dos header from C:\Windows\system32\ole32.dll
[0523/174722.827:ERROR:process_reader_win.cc(242)] ReadMemory at 0x7fefda10000 of 64 bytes failed: Запрос ReadProcessMemory или WriteProcessMemory был выполнен только частично. (0x12B)
[0523/174722.827:WARNING:pe_image_reader.cc(302)] could not read dos header from C:\Windows\system32\OLEAUT32.dll
[0523/174722.827:ERROR:process_reader_win.cc(242)] ReadMemory at 0x7fefdbc0000 of 64 bytes failed: Запрос ReadProcessMemory или WriteProcessMemory был выполнен только частично. (0x12B)
[0523/174722.827:WARNING:pe_image_reader.cc(302)] could not read dos header from C:\Windows\system32\WS2_32.dll
[0523/174722.827:ERROR:process_reader_win.cc(242)] ReadMemory at 0x7feff360000 of 64 bytes failed: Запрос ReadProcessMemory или WriteProcessMemory был выполнен только частично. (0x12B)
[0523/174722.827:WARNING:pe_image_reader.cc(302)] could not read dos header from C:\Windows\system32\NSI.dll
[0523/174722.827:ERROR:process_reader_win.cc(242)] ReadMemory at 0x7fefd200000 of 64 bytes failed: Запрос ReadProcessMemory или WriteProcessMemory был выполнен только частично. (0x12B)
[0523/174722.827:WARNING:pe_image_reader.cc(302)] could not read dos header from C:\Windows\system32\Secur32.dll
[0523/174722.828:ERROR:process_reader_win.cc(242)] ReadMemory at 0x7fefd230000 of 64 bytes failed: Запрос ReadProcessMemory или WriteProcessMemory был выполнен только частично. (0x12B)
[0523/174722.828:WARNING:pe_image_reader.cc(302)] could not read dos header from C:\Windows\system32\SSPICLI.DLL
[0523/174722.828:ERROR:process_reader_win.cc(242)] ReadMemory at 0x7fefd790000 of 64 bytes failed: Запрос ReadProcessMemory или WriteProcessMemory был выполнен только частично. (0x12B)
[0523/174722.828:WARNING:pe_image_reader.cc(302)] could not read dos header from C:\Windows\system32\WINTRUST.dll
[0523/174722.828:ERROR:process_reader_win.cc(242)] ReadMemory at 0x7fefd4c0000 of 64 bytes failed: Запрос ReadProcessMemory или WriteProcessMemory был выполнен только частично. (0x12B)
[0523/174722.828:WARNING:pe_image_reader.cc(302)] could not read dos header from C:\Windows\system32\CRYPT32.dll
[0523/174722.828:ERROR:process_reader_win.cc(242)] ReadMemory at 0x7fefd420000 of 64 bytes failed: Запрос ReadProcessMemory или WriteProcessMemory был выполнен только частично. (0x12B)
[0523/174722.828:WARNING:pe_image_reader.cc(302)] could not read dos header from C:\Windows\system32\MSASN1.dll
[0523/174722.828:ERROR:process_reader_win.cc(242)] ReadMemory at 0x7fef79a0000 of 64 bytes failed: Запрос ReadProcessMemory или WriteProcessMemory был выполнен только частично. (0x12B)
[0523/174722.828:WARNING:pe_image_reader.cc(302)] could not read dos header from C:\Windows\system32\dbghelp.dll
[0523/174722.828:ERROR:process_reader_win.cc(242)] ReadMemory at 0x7fef6e10000 of 64 bytes failed: Запрос ReadProcessMemory или WriteProcessMemory был выполнен только частично. (0x12B)
[0523/174722.828:WARNING:pe_image_reader.cc(302)] could not read dos header from C:\Windows\system32\WINSPOOL.DRV
[0523/174722.828:ERROR:process_reader_win.cc(242)] ReadMemory at 0x7fefab20000 of 64 bytes failed: Запрос ReadProcessMemory или WriteProcessMemory был выполнен только частично. (0x12B)
[0523/174722.828:WARNING:pe_image_reader.cc(302)] could not read dos header from C:\Windows\system32\IPHLPAPI.DLL
[0523/174722.828:ERROR:process_reader_win.cc(242)] ReadMemory at 0x7fefab10000 of 64 bytes failed: Запрос ReadProcessMemory или WriteProcessMemory был выполнен только частично. (0x12B)
[0523/174722.828:WARNING:pe_image_reader.cc(302)] could not read dos header from C:\Windows\system32\WINNSI.DLL
[0523/174722.828:ERROR:process_reader_win.cc(242)] ReadMemory at 0x7feff6b0000 of 64 bytes failed: Запрос ReadProcessMemory или WriteProcessMemory был выполнен только частично. (0x12B)
[0523/174722.828:WARNING:pe_image_reader.cc(302)] could not read dos header from C:\Windows\system32\urlmon.dll
[0523/174722.828:ERROR:process_reader_win.cc(242)] ReadMemory at 0x7fefd670000 of 64 bytes failed: Запрос ReadProcessMemory или WriteProcessMemory был выполнен только частично. (0x12B)
[0523/174722.828:WARNING:pe_image_reader.cc(302)] could not read dos header from C:\Windows\system32\api-ms-win-downlevel-ole32-l1-1-0.dll
[0523/174722.828:ERROR:process_reader_win.cc(242)] ReadMemory at 0x7fefd690000 of 64 bytes failed: Запрос ReadProcessMemory или WriteProcessMemory был выполнен только частично. (0x12B)
[0523/174722.828:WARNING:pe_image_reader.cc(302)] could not read dos header from C:\Windows\system32\api-ms-win-downlevel-shlwapi-l1-1-0.dll
[0523/174722.828:ERROR:process_reader_win.cc(242)] ReadMemory at 0x7fefd760000 of 64 bytes failed: Запрос ReadProcessMemory или WriteProcessMemory был выполнен только частично. (0x12B)
[0523/174722.828:WARNING:pe_image_reader.cc(302)] could not read dos header from C:\Windows\system32\api-ms-win-downlevel-advapi32-l1-1-0.dll
[0523/174722.828:ERROR:process_reader_win.cc(242)] ReadMemory at 0x7fefd7d0000 of 64 bytes failed: Запрос ReadProcessMemory или WriteProcessMemory был выполнен только частично. (0x12B)
[0523/174722.828:WARNING:pe_image_reader.cc(302)] could not read dos header from C:\Windows\system32\api-ms-win-downlevel-user32-l1-1-0.dll
[0523/174722.828:ERROR:process_reader_win.cc(242)] ReadMemory at 0x7fefd440000 of 64 bytes failed: Запрос ReadProcessMemory или WriteProcessMemory был выполнен только частично. (0x12B)
[0523/174722.828:WARNING:pe_image_reader.cc(302)] could not read dos header from C:\Windows\system32\api-ms-win-downlevel-version-l1-1-0.dll
[0523/174722.828:ERROR:process_reader_win.cc(242)] ReadMemory at 0x7fefd680000 of 64 bytes failed: Запрос ReadProcessMemory или WriteProcessMemory был выполнен только частично. (0x12B)
[0523/174722.931:WARNING:pe_image_reader.cc(302)] could not read dos header from C:\Windows\system32\api-ms-win-downlevel-normaliz-l1-1-0.dll
[0523/174722.931:ERROR:process_reader_win.cc(242)] ReadMemory at 0x77840000 of 64 bytes failed: Запрос ReadProcessMemory или WriteProcessMemory был выполнен только частично. (0x12B)
[0523/174722.931:WARNING:pe_image_reader.cc(302)] could not read dos header from C:\Windows\system32\normaliz.DLL
[0523/174722.931:ERROR:process_reader_win.cc(242)] ReadMemory at 0x7fefdc10000 of 64 bytes failed: Запрос ReadProcessMemory или WriteProcessMemory был выполнен только частично. (0x12B)
[0523/174722.931:WARNING:pe_image_reader.cc(302)] could not read dos header from C:\Windows\system32\iertutil.dll
[0523/174722.931:ERROR:process_reader_win.cc(242)] ReadMemory at 0x7feff450000 of 64 bytes failed: Запрос ReadProcessMemory или WriteProcessMemory был выполнен только частично. (0x12B)
[0523/174722.931:WARNING:pe_image_reader.cc(302)] could not read dos header from C:\Windows\system32\WININET.dll
[0523/174722.931:ERROR:process_reader_win.cc(242)] ReadMemory at 0x7fee42c0000 of 64 bytes failed: Запрос ReadProcessMemory или WriteProcessMemory был выполнен только частично. (0x12B)
[0523/174722.931:WARNING:pe_image_reader.cc(302)] could not read dos header from C:\Windows\system32\DWrite.dll
[0523/174722.931:ERROR:process_reader_win.cc(242)] ReadMemory at 0x7fef9050000 of 64 bytes failed: Запрос ReadProcessMemory или WriteProcessMemory был выполнен только частично. (0x12B)
[0523/174722.931:WARNING:pe_image_reader.cc(302)] could not read dos header from C:\Windows\system32\dxgi.dll
[0523/174722.931:ERROR:process_reader_win.cc(242)] ReadMemory at 0x7fefb9b0000 of 64 bytes failed: Запрос ReadProcessMemory или WriteProcessMemory был выполнен только частично. (0x12B)
[0523/174722.931:WARNING:pe_image_reader.cc(302)] could not read dos header from C:\Windows\system32\dwmapi.dll
[0523/174722.931:ERROR:process_reader_win.cc(242)] ReadMemory at 0x7fef8b20000 of 64 bytes failed: Запрос ReadProcessMemory или WriteProcessMemory был выполнен только частично. (0x12B)
[0523/174722.932:WARNING:pe_image_reader.cc(302)] could not read dos header from C:\Windows\system32\dhcpcsvc.DLL
[0523/174722.932:ERROR:process_reader_win.cc(242)] ReadMemory at 0x7fefd2c0000 of 64 bytes failed: Запрос ReadProcessMemory или WriteProcessMemory был выполнен только частично. (0x12B)
[0523/174722.932:WARNING:pe_image_reader.cc(302)] could not read dos header from C:\Windows\system32\cryptbase.dll
[0523/174724.427:ERROR:process_reader_win.cc(242)] ReadMemory at 0x348000 of 98304 bytes failed: Запрос ReadProcessMemory или WriteProcessMemory был выполнен только частично. (0x12B)
[0523/174724.427:ERROR:crash_report_exception_handler.cc(116)] WriteEverything failed
[0523/174724.431:ERROR:scoped_process_suspend.cc(40)] NtResumeProcess: Попытка доступа к процессу, выполняющему процедуру завершения. (0xc000010a)
[0611/174233.535:ERROR:persistent_memory_allocator.cc(845)] Corruption detected in shared-memory segment.
